[2024-11-20 15:31:02,369][INFO][background-preinit][][o.h.v.i.u.Version]- HV000001: Hibernate Validator 6.2.5.Final -
[2024-11-20 15:31:02,486][INFO][main][][o.b.BookstoreApplication]- Starting BookstoreApplication using Java 1.8.0_202 on DESKTOP-34T8LIQ with PID 3572 (D:\chenjian\mac\projects\bookstore\target\classes started by chenjian in D:\chenjian\mac\projects\bookstore) -
[2024-11-20 15:31:02,488][INFO][main][][o.b.BookstoreApplication]- The following 1 profile is active: "local" -
[2024-11-20 15:31:03,021][INFO][main][][o.s.b.w.e.t.TomcatWebServer]- Tomcat initialized with port(s): 8080 (http) -
[2024-11-20 15:31:03,025][INFO][main][][o.a.c.h.Http11NioProtocol]- Initializing ProtocolHandler ["http-nio-8080"] -
[2024-11-20 15:31:03,026][INFO][main][][o.a.c.c.StandardService]- Starting service [Tomcat] -
[2024-11-20 15:31:03,026][INFO][main][][o.a.c.c.StandardEngine]- Starting Servlet engine: [Apache Tomcat/9.0.82] -
[2024-11-20 15:31:03,168][INFO][main][][o.a.c.c.C.[.[.[/]]- Initializing Spring embedded WebApplicationContext -
[2024-11-20 15:31:03,168][INFO][main][][o.s.b.w.s.c.ServletWebServerApplicationContext]- Root WebApplicationContext: initialization completed in 657 ms -
[2024-11-20 15:31:03,673][INFO][main][][o.a.c.h.Http11NioProtocol]- Starting ProtocolHandler ["http-nio-8080"] -
[2024-11-20 15:31:03,683][INFO][main][][o.s.b.w.e.t.TomcatWebServer]- Tomcat started on port(s): 8080 (http) with context path '' -
[2024-11-20 15:31:03,690][INFO][main][][o.b.BookstoreApplication]- Started BookstoreApplication in 1.528 seconds (JVM running for 2.154) -
[2024-11-20 15:31:20,892][INFO][background-preinit][][o.h.v.i.u.Version]- HV000001: Hibernate Validator 6.2.5.Final -
[2024-11-20 15:31:20,916][INFO][main][][o.b.BookstoreApplication]- Starting BookstoreApplication using Java 1.8.0_202 on DESKTOP-34T8LIQ with PID 14740 (D:\chenjian\mac\projects\bookstore\target\classes started by chenjian in D:\chenjian\mac\projects\bookstore) -
[2024-11-20 15:31:20,917][INFO][main][][o.b.BookstoreApplication]- The following 1 profile is active: "local" -
[2024-11-20 15:31:21,480][INFO][main][][o.s.b.w.e.t.TomcatWebServer]- Tomcat initialized with port(s): 8080 (http) -
[2024-11-20 15:31:21,484][INFO][main][][o.a.c.h.Http11NioProtocol]- Initializing ProtocolHandler ["http-nio-8080"] -
[2024-11-20 15:31:21,484][INFO][main][][o.a.c.c.StandardService]- Starting service [Tomcat] -
[2024-11-20 15:31:21,485][INFO][main][][o.a.c.c.StandardEngine]- Starting Servlet engine: [Apache Tomcat/9.0.82] -
[2024-11-20 15:31:21,627][INFO][main][][o.a.c.c.C.[.[.[/]]- Initializing Spring embedded WebApplicationContext -
[2024-11-20 15:31:21,627][INFO][main][][o.s.b.w.s.c.ServletWebServerApplicationContext]- Root WebApplicationContext: initialization completed in 592 ms -
[2024-11-20 15:31:22,093][INFO][main][][o.a.c.h.Http11NioProtocol]- Starting ProtocolHandler ["http-nio-8080"] -
[2024-11-20 15:31:22,102][INFO][main][][o.s.b.w.e.t.TomcatWebServer]- Tomcat started on port(s): 8080 (http) with context path '' -
[2024-11-20 15:31:22,107][INFO][main][][o.b.BookstoreApplication]- Started BookstoreApplication in 1.394 seconds (JVM running for 1.948) -
